\BOOKMARK [0][-]{chapter.1}{Chapter 1. Introduction}{}
\BOOKMARK [1][-]{section.1.1}{1. Overview}{chapter.1}
\BOOKMARK [1][-]{section.1.2}{2. Motivation}{chapter.1}
\BOOKMARK [1][-]{section.1.3}{3. Primary Goals}{chapter.1}
\BOOKMARK [1][-]{section.1.4}{4. Secondary Goals}{chapter.1}
\BOOKMARK [0][-]{chapter.2}{Chapter 2. Background}{}
\BOOKMARK [1][-]{section.2.1}{1. Particle Swarm Optimisation}{chapter.2}
\BOOKMARK [1][-]{section.2.2}{2. Portfolio Management}{chapter.2}
\BOOKMARK [1][-]{section.2.3}{3. Multi-objective Optimisation}{chapter.2}
\BOOKMARK [0][-]{chapter.3}{Chapter 3. Related Work}{}
\BOOKMARK [1][-]{section.3.1}{1. Markowitz Model}{chapter.3}
\BOOKMARK [1][-]{section.3.2}{2. Portfolio in Excel}{chapter.3}
\BOOKMARK [1][-]{section.3.3}{3. Something PSO}{chapter.3}
\BOOKMARK [1][-]{section.3.4}{4. PSO applied}{chapter.3}
\BOOKMARK [0][-]{chapter.4}{Chapter 4. Problem Domain}{}
\BOOKMARK [1][-]{section.4.1}{1. Approach}{chapter.4}
\BOOKMARK [0][-]{chapter.5}{Chapter 5. Requirements}{}
\BOOKMARK [1][-]{section.5.1}{1. Functional}{chapter.5}
\BOOKMARK [1][-]{section.5.2}{2. Non-functional}{chapter.5}
\BOOKMARK [0][-]{chapter.6}{Chapter 6. Methodology and Technologies}{}
\BOOKMARK [1][-]{section.6.1}{1. Methodology}{chapter.6}
\BOOKMARK [1][-]{section.6.2}{2. Technology}{chapter.6}
\BOOKMARK [0][-]{chapter.7}{Chapter 7. System Design and Architecture}{}
\BOOKMARK [0][-]{chapter.8}{Chapter 8. Experimentation and Testing}{}
\BOOKMARK [1][-]{section.8.1}{1. Constriction Factors}{chapter.8}
\BOOKMARK [1][-]{section.8.2}{2. Scalability}{chapter.8}
\BOOKMARK [0][-]{chapter.9}{Chapter 9. Financial Data}{}
\BOOKMARK [1][-]{section.9.1}{1. Data Description}{chapter.9}
\BOOKMARK [1][-]{section.9.2}{2. Problem Domain}{chapter.9}
\BOOKMARK [1][-]{section.9.3}{3. Assets and their Weights}{chapter.9}
\BOOKMARK [1][-]{section.9.4}{4. Analysis}{chapter.9}
\BOOKMARK [1][-]{section.9.5}{5. PSO Parameters}{chapter.9}
\BOOKMARK [1][-]{section.9.6}{6. Experimentation and Testing}{chapter.9}
\BOOKMARK [1][-]{section.9.7}{7. Portfolio Constraints}{chapter.9}
\BOOKMARK [1][-]{section.9.8}{8. Results}{chapter.9}
\BOOKMARK [0][-]{chapter.10}{Chapter 10. Future Work}{}
\BOOKMARK [1][-]{section.10.1}{1. PSO Parameters}{chapter.10}
\BOOKMARK [1][-]{section.10.2}{2. Asset's Covariance}{chapter.10}
\BOOKMARK [1][-]{section.10.3}{3. Market Relationships}{chapter.10}
\BOOKMARK [0][-]{chapter.11}{Chapter 11. Discussion and Conclusion}{}
\BOOKMARK [1][-]{section.11.1}{1. Discussion}{chapter.11}
\BOOKMARK [1][-]{section.11.2}{2. Future Work}{chapter.11}
\BOOKMARK [1][-]{section.11.3}{3. Conclusion}{chapter.11}
\BOOKMARK [0][-]{section.11.3}{Bibliography}{}
