This file contains any messages produced by compilers while
running configure, to aid debugging if configure makes a mistake.

It was created by The Glorious Glasgow Haskell Compilation System configure 7.4.2, which was
generated by GNU Autoconf 2.68.  Invocation command line was

  $ ./configure 

## --------- ##
## Platform. ##
## --------- ##

hostname = anthony-ThinkPad-T430
uname -m = i686
uname -r = 3.5.0-45-generic
uname -s = Linux
uname -v = #68~precise1-Ubuntu SMP Wed Dec 4 16:19:28 UTC 2013

/usr/bin/uname -p = unknown
/bin/uname -X     = unknown

/bin/arch              = unknown
/usr/bin/arch -k       = unknown
/usr/convex/getsysinfo = unknown
/usr/bin/hostinfo      = unknown
/bin/machine           = unknown
/usr/bin/oslevel       = unknown
/bin/universe          = unknown

PATH: /home/anthony/.rvm/gems/ruby-1.9.3-p392/bin
PATH: /home/anthony/.rvm/gems/ruby-1.9.3-p392@global/bin
PATH: /home/anthony/.rvm/rubies/ruby-1.9.3-p392/bin
PATH: /home/anthony/.rvm/bin
PATH: /usr/lib/lightdm/lightdm
PATH: /usr/local/sbin
PATH: /usr/local/bin
PATH: /usr/sbin
PATH: /usr/bin
PATH: /sbin
PATH: /bin
PATH: /usr/games
PATH: /home/anthony/.rvm/gems/ruby-1.9.3-p392/bin
PATH: /home/anthony/.rvm/gems/ruby-1.9.3-p392@global/bin
PATH: /home/anthony/.rvm/rubies/ruby-1.9.3-p392/bin
PATH: /home/anthony/.rvm/bin
PATH: /usr/lib/lightdm/lightdm
PATH: /usr/local/sbin
PATH: /usr/local/bin
PATH: /usr/sbin
PATH: /usr/bin
PATH: /sbin
PATH: /bin
PATH: /usr/games
PATH: /home/anthony/.rvm/gems/ruby-1.9.3-p392/bin
PATH: /home/anthony/.rvm/gems/ruby-1.9.3-p392@global/bin
PATH: /home/anthony/.rvm/rubies/ruby-1.9.3-p392/bin
PATH: /home/anthony/.rvm/bin
PATH: /usr/lib/lightdm/lightdm
PATH: /usr/local/sbin
PATH: /usr/local/bin
PATH: /usr/sbin
PATH: /usr/bin
PATH: /sbin
PATH: /bin
PATH: /usr/games


## ----------- ##
## Core tests. ##
## ----------- ##

configure:2120: checking for path to top of build tree
configure:2132: error: 
        The build system does not support building in a directory
        containing space characters.
        Suggestion: move the build tree somewhere else.

## ---------------- ##
## Cache variables. ##
## ---------------- ##

ac_cv_env_CC_set=
ac_cv_env_CC_value=
ac_cv_env_CFLAGS_set=
ac_cv_env_CFLAGS_value=
ac_cv_env_CPPFLAGS_set=
ac_cv_env_CPPFLAGS_value=
ac_cv_env_CPP_set=
ac_cv_env_CPP_value=
ac_cv_env_LDFLAGS_set=
ac_cv_env_LDFLAGS_value=
ac_cv_env_LIBS_set=
ac_cv_env_LIBS_value=
ac_cv_env_build_alias_set=
ac_cv_env_build_alias_value=
ac_cv_env_host_alias_set=
ac_cv_env_host_alias_value=
ac_cv_env_target_alias_set=
ac_cv_env_target_alias_value=

## ----------------- ##
## Output variables. ##
## ----------------- ##

ArArgs=''
ArCmd=''
ArIsGNUAr=''
BootingFromHc=''
BuildArch_CPP=''
BuildOS_CPP=''
BuildPlatform=''
BuildPlatform_CPP=''
BuildVendor_CPP=''
CC=''
CFLAGS=''
CONF_CC_OPTS_STAGE0=''
CONF_CC_OPTS_STAGE1=''
CONF_CC_OPTS_STAGE2=''
CONF_CPP_OPTS_STAGE0=''
CONF_CPP_OPTS_STAGE1=''
CONF_CPP_OPTS_STAGE2=''
CONF_GCC_LINKER_OPTS_STAGE0=''
CONF_GCC_LINKER_OPTS_STAGE1=''
CONF_GCC_LINKER_OPTS_STAGE2=''
CONF_LD_LINKER_OPTS_STAGE0=''
CONF_LD_LINKER_OPTS_STAGE1=''
CONF_LD_LINKER_OPTS_STAGE2=''
CPP=''
CPPFLAGS=''
DEFS=''
ECHO_C=''
ECHO_N='-n'
ECHO_T=''
EGREP=''
EXEEXT=''
GMP_INCLUDE_DIRS=''
GMP_LIB_DIRS=''
GREP=''
GccExtraViaCOpts=''
GccLT34=''
GccLT46=''
GccVersion=''
HaskellHaveGnuNonexecStack=''
HaskellHaveIdentDirective=''
HaskellHaveSubsectionsViaSymbols=''
HaskellTargetArch=''
HaskellTargetOs=''
HostArch_CPP=''
HostOS_CPP=''
HostPlatform=''
HostPlatform_CPP=''
HostVendor_CPP=''
INSTALL_DATA=''
INSTALL_PROGRAM=''
INSTALL_SCRIPT=''
LDFLAGS=''
LIBOBJS=''
LIBS=''
LN_S=''
LTLIBOBJS=''
OBJEXT=''
PACKAGE_BUGREPORT='glasgow-haskell-bugs@haskell.org'
PACKAGE_NAME='The Glorious Glasgow Haskell Compilation System'
PACKAGE_STRING='The Glorious Glasgow Haskell Compilation System 7.4.2'
PACKAGE_TARNAME='ghc'
PACKAGE_URL=''
PACKAGE_VERSION='7.4.2'
PATH_SEPARATOR=':'
PerlCmd=''
RANLIB=''
SHELL='/bin/sh'
SedCmd=''
SettingsArCommand=''
SettingsCCompilerCommand=''
SettingsCCompilerFlags=''
SettingsDllWrapCommand=''
SettingsPerlCommand=''
SettingsTouchCommand=''
SettingsWindresCommand=''
TargetArch_CPP=''
TargetOS_CPP=''
TargetPlatform=''
TargetPlatform_CPP=''
TargetVendor_CPP=''
WhatGccIsCalled=''
WordSize=''
ac_ct_CC=''
bindir='${exec_prefix}/bin'
build_alias=''
datadir='${datarootdir}'
datarootdir='${prefix}/share'
docdir='${datarootdir}/doc/${PACKAGE_TARNAME}'
dvidir='${docdir}'
exec_prefix='NONE'
exeext=''
fp_prog_ar_raw=''
hardtop='/home/anthony/Desktop/Uni shizz 4th year/CS4525 Project/Haskell/ghc-7.4.2'
host_alias=''
htmldir='${docdir}'
includedir='${prefix}/include'
infodir='${datarootdir}/info'
libdir='${exec_prefix}/lib'
libexecdir='${exec_prefix}/libexec'
localedir='${datarootdir}/locale'
localstatedir='${prefix}/var'
mandir='${datarootdir}/man'
oldincludedir='/usr/include'
pdfdir='${docdir}'
prefix='NONE'
program_transform_name='s,x,x,'
psdir='${docdir}'
sbindir='${exec_prefix}/sbin'
sharedstatedir='${prefix}/com'
soext=''
sysconfdir='${prefix}/etc'
target_alias=''

## ----------- ##
## confdefs.h. ##
## ----------- ##

/* confdefs.h */
#define PACKAGE_NAME "The Glorious Glasgow Haskell Compilation System"
#define PACKAGE_TARNAME "ghc"
#define PACKAGE_VERSION "7.4.2"
#define PACKAGE_STRING "The Glorious Glasgow Haskell Compilation System 7.4.2"
#define PACKAGE_BUGREPORT "glasgow-haskell-bugs@haskell.org"
#define PACKAGE_URL ""

configure: exit 1
